<?xml version="1.0" encoding="UTF-8"?>
<!-- Generated by org.testng.reporters.JUnitReportReporter -->
<testsuite hostname="Tohidurs-Air" failures="0" tests="3" name="testNG.day4" time="0.008" errors="0" timestamp="2020-06-19T21:47:20 BST" skipped="0">
  <testcase classname="testNG.day4" name="webloginhome" time="0.003"/>
  <system-out/>
  <testcase classname="testNG.day4" name="loginapihomeloan" time="0.002"/>
  <system-out/>
  <testcase classname="testNG.day4" name="mobileloginhomeloan" time="0.003"/>
  <system-out/>
</testsuite> <!-- testNG.day4 -->
