<?xml version="1.0" encoding="UTF-8"?>
<!-- Generated by org.testng.reporters.JUnitReportReporter -->
<testsuite hostname="Tohidurs-Air" failures="0" tests="3" name="testNG.day1" time="0.019" errors="0" timestamp="2020-06-19T21:47:19 BST" skipped="0">
  <testcase classname="testNG.day1" name="smoke" time="0.003"/>
  <system-out/>
  <testcase classname="testNG.day1" name="demoTwo" time="0.006"/>
  <system-out/>
  <testcase classname="testNG.day1" name="demo" time="0.010"/>
  <system-out/>
</testsuite> <!-- testNG.day1 -->
