<?xml version="1.0" encoding="UTF-8"?>
<!-- Generated by org.testng.reporters.JUnitReportReporter -->
<testsuite hostname="Tohidurs-Air" failures="0" tests="5" name="testNG.day3" time="0.027" errors="0" timestamp="2020-06-19T21:47:20 BST" skipped="0">
  <testcase classname="testNG.day3" name="weblogincar" time="0.003"/>
  <system-out/>
  <testcase classname="testNG.day3" name="mobilesigncarloan" time="0.002"/>
  <system-out/>
  <testcase classname="testNG.day3" name="mobilelogincarloan" time="0.014"/>
  <system-out/>
  <testcase classname="testNG.day3" name="loginapicarloan" time="0.001"/>
  <system-out/>
  <testcase classname="testNG.day3" name="mobilelsignoutloan" time="0.007"/>
  <system-out/>
</testsuite> <!-- testNG.day3 -->
